<?xml version="1.0" encoding="UTF-8"?>
<!-- Generated by org.testng.reporters.JUnitReportReporter -->
<testsuite hostname="INBL01LAP31001" failures="0" tests="3" name="com.qa.testcases.LoginPageTest" time="51.993" errors="0" timestamp="2022-10-19T12:02:17 IST" skipped="0">
  <testcase classname="com.qa.testcases.LoginPageTest" name="LoginTest" time="31.151"/>
  <system-out/>
  <testcase classname="com.qa.testcases.LoginPageTest" name="crmLoginTest" time="10.378"/>
  <system-out/>
  <testcase classname="com.qa.testcases.LoginPageTest" name="LoginPageTitleTest" time="10.464"/>
  <system-out/>
</testsuite> <!-- com.qa.testcases.LoginPageTest -->
