<?xml version="1.0" encoding="UTF-8"?>
<!-- Generated by org.testng.reporters.JUnitReportReporter -->
<testsuite hostname="INBL01LAP31001" failures="0" tests="3" name="com.qa.testcases.LoginPageTest" time="83.895" errors="0" timestamp="2022-10-21T13:16:55 IST" skipped="0">
  <testcase classname="com.qa.testcases.LoginPageTest" name="LoginPageTitleTest" time="10.756"/>
  <system-out/>
  <testcase classname="com.qa.testcases.LoginPageTest" name="crmLoginTest" time="29.643"/>
  <system-out/>
  <testcase classname="com.qa.testcases.LoginPageTest" name="LoginTest" time="43.496"/>
  <system-out/>
</testsuite> <!-- com.qa.testcases.LoginPageTest -->
